========================================
  Meeting System Server Starting...    
========================================

[1/6] Initializing database...
Database opened: meeting_system.db
Total pages: 1091
  Loaded existing database

[2/6] Initializing B-Trees...
B-Tree loaded with root page: 1
B-Tree loaded with root page: 2
  Users B-Tree: root page 1
  Meetings B-Tree: root page 2

[3/6] Initializing Hash Tables...
Hash table loaded from page 3
Hash table loaded from page 260
  Login Hash Table: page 3
  Meeting Code Hash Table: page 260

[3/6] Initializing additional indexes...
B-Tree loaded with root page: 517
B-Tree loaded with root page: 518
B-Tree loaded with root page: 519
Hash table loaded from page 520
Hash table loaded from page 777
  Messages B-Tree: root page 517
  Files B-Tree: root page 518
  Whiteboard B-Tree: root page 519

[4/6] Initializing Managers...
  All managers initialized (6 total)

[5/6] Setting up HTTP routes...
Database closed
FATAL ERROR: bind: Address already in use [system:98 at /usr/include/boost/asio/detail/reactive_socket_service.hpp:161 in function 'bind']
